0 info it worked if it ends with ok
1 verbose cli [ '/usr/local/bin/node',
1 verbose cli   '/usr/local/bin/npm',
1 verbose cli   'install',
1 verbose cli   '-g',
1 verbose cli   'cordova',
1 verbose cli   'plugin',
1 verbose cli   'add',
1 verbose cli   'org.apache.camera' ]
2 info using npm@3.6.0
3 info using node@v5.6.0
4 silly loadCurrentTree Starting
5 silly install loadCurrentTree
6 silly install readGlobalPackageData
7 silly fetchPackageMetaData cordova
8 silly fetchPackageMetaData plugin
9 silly fetchPackageMetaData add
10 silly fetchPackageMetaData org.apache.camera
11 silly fetchNamedPackageData cordova
12 silly mapToRegistry name cordova
13 silly mapToRegistry using default registry
14 silly mapToRegistry registry https://registry.npmjs.org/
15 silly mapToRegistry uri https://registry.npmjs.org/cordova
16 silly fetchNamedPackageData plugin
17 silly mapToRegistry name plugin
18 silly mapToRegistry using default registry
19 silly mapToRegistry registry https://registry.npmjs.org/
20 silly mapToRegistry uri https://registry.npmjs.org/plugin
21 silly fetchNamedPackageData add
22 silly mapToRegistry name add
23 silly mapToRegistry using default registry
24 silly mapToRegistry registry https://registry.npmjs.org/
25 silly mapToRegistry uri https://registry.npmjs.org/add
26 silly fetchNamedPackageData org.apache.camera
27 silly mapToRegistry name org.apache.camera
28 silly mapToRegistry using default registry
29 silly mapToRegistry registry https://registry.npmjs.org/
30 silly mapToRegistry uri https://registry.npmjs.org/org.apache.camera
31 verbose request uri https://registry.npmjs.org/plugin
32 verbose request no auth needed
33 info attempt registry request try #1 at 3:18:50 AM
34 verbose request id 5a1815ccd480be35
35 http request GET https://registry.npmjs.org/plugin
36 verbose request uri https://registry.npmjs.org/add
37 verbose request no auth needed
38 info attempt registry request try #1 at 3:18:51 AM
39 http request GET https://registry.npmjs.org/add
40 verbose request uri https://registry.npmjs.org/org.apache.camera
41 verbose request no auth needed
42 info attempt registry request try #1 at 3:18:51 AM
43 http request GET https://registry.npmjs.org/org.apache.camera
44 verbose request uri https://registry.npmjs.org/cordova
45 verbose request no auth needed
46 info attempt registry request try #1 at 3:18:51 AM
47 verbose etag "CMX3SERBAGSGD9QKNX1ZZKFTY"
48 http request GET https://registry.npmjs.org/cordova
49 http 200 https://registry.npmjs.org/add
50 verbose headers { server: 'CouchDB/1.5.0 (Erlang OTP/R16B03)',
50 verbose headers   etag: '"6L0ATKRK62R1BGT51Z77BI172"',
50 verbose headers   'content-type': 'application/json',
50 verbose headers   'content-encoding': 'gzip',
50 verbose headers   'cache-control': 'max-age=300',
50 verbose headers   'content-length': '2837',
50 verbose headers   'accept-ranges': 'bytes',
50 verbose headers   date: 'Thu, 14 Apr 2016 01:18:52 GMT',
50 verbose headers   via: '1.1 varnish',
50 verbose headers   age: '0',
50 verbose headers   connection: 'keep-alive',
50 verbose headers   'x-served-by': 'cache-lhr6332-LHR',
50 verbose headers   'x-cache': 'MISS',
50 verbose headers   'x-cache-hits': '0',
50 verbose headers   'x-timer': 'S1460596731.848569,VS0,VE184',
50 verbose headers   vary: 'Accept-Encoding' }
51 silly get cb [ 200,
51 silly get   { server: 'CouchDB/1.5.0 (Erlang OTP/R16B03)',
51 silly get     etag: '"6L0ATKRK62R1BGT51Z77BI172"',
51 silly get     'content-type': 'application/json',
51 silly get     'content-encoding': 'gzip',
51 silly get     'cache-control': 'max-age=300',
51 silly get     'content-length': '2837',
51 silly get     'accept-ranges': 'bytes',
51 silly get     date: 'Thu, 14 Apr 2016 01:18:52 GMT',
51 silly get     via: '1.1 varnish',
51 silly get     age: '0',
51 silly get     connection: 'keep-alive',
51 silly get     'x-served-by': 'cache-lhr6332-LHR',
51 silly get     'x-cache': 'MISS',
51 silly get     'x-cache-hits': '0',
51 silly get     'x-timer': 'S1460596731.848569,VS0,VE184',
51 silly get     vary: 'Accept-Encoding' } ]
52 verbose get saving add to /Users/Academy_Intern/.npm/registry.npmjs.org/add/.cache.json
53 verbose correctMkdir /Users/Academy_Intern/.npm correctMkdir not in flight; initializing
54 http 200 https://registry.npmjs.org/plugin
55 verbose headers { server: 'CouchDB/1.5.0 (Erlang OTP/R16B03)',
55 verbose headers   etag: '"QOJIYN5PKZHUIJIJTZ1TFWPO"',
55 verbose headers   'content-type': 'application/json',
55 verbose headers   'cache-control': 'max-age=300',
55 verbose headers   'content-length': '16065',
55 verbose headers   'accept-ranges': 'bytes',
55 verbose headers   date: 'Thu, 14 Apr 2016 01:18:52 GMT',
55 verbose headers   via: '1.1 varnish',
55 verbose headers   age: '0',
55 verbose headers   connection: 'keep-alive',
55 verbose headers   'x-served-by': 'cache-lhr6322-LHR',
55 verbose headers   'x-cache': 'MISS',
55 verbose headers   'x-cache-hits': '0',
55 verbose headers   'x-timer': 'S1460596731.865854,VS0,VE427',
55 verbose headers   vary: 'Accept-Encoding' }
56 silly get cb [ 200,
56 silly get   { server: 'CouchDB/1.5.0 (Erlang OTP/R16B03)',
56 silly get     etag: '"QOJIYN5PKZHUIJIJTZ1TFWPO"',
56 silly get     'content-type': 'application/json',
56 silly get     'cache-control': 'max-age=300',
56 silly get     'content-length': '16065',
56 silly get     'accept-ranges': 'bytes',
56 silly get     date: 'Thu, 14 Apr 2016 01:18:52 GMT',
56 silly get     via: '1.1 varnish',
56 silly get     age: '0',
56 silly get     connection: 'keep-alive',
56 silly get     'x-served-by': 'cache-lhr6322-LHR',
56 silly get     'x-cache': 'MISS',
56 silly get     'x-cache-hits': '0',
56 silly get     'x-timer': 'S1460596731.865854,VS0,VE427',
56 silly get     vary: 'Accept-Encoding' } ]
57 verbose get saving plugin to /Users/Academy_Intern/.npm/registry.npmjs.org/plugin/.cache.json
58 verbose correctMkdir /Users/Academy_Intern/.npm correctMkdir not in flight; initializing
59 http 404 https://registry.npmjs.org/org.apache.camera
60 verbose headers { 'content-type': 'application/json',
60 verbose headers   'cache-control': 'max-age=0',
60 verbose headers   'content-length': '2',
60 verbose headers   'accept-ranges': 'bytes',
60 verbose headers   date: 'Thu, 14 Apr 2016 01:18:52 GMT',
60 verbose headers   via: '1.1 varnish',
60 verbose headers   age: '0',
60 verbose headers   connection: 'keep-alive',
60 verbose headers   'x-served-by': 'cache-lhr6333-LHR',
60 verbose headers   'x-cache': 'MISS',
60 verbose headers   'x-cache-hits': '0',
60 verbose headers   'x-timer': 'S1460596731.866794,VS0,VE644',
60 verbose headers   vary: 'Accept-Encoding' }
61 silly get cb [ 404,
61 silly get   { 'content-type': 'application/json',
61 silly get     'cache-control': 'max-age=0',
61 silly get     'content-length': '2',
61 silly get     'accept-ranges': 'bytes',
61 silly get     date: 'Thu, 14 Apr 2016 01:18:52 GMT',
61 silly get     via: '1.1 varnish',
61 silly get     age: '0',
61 silly get     connection: 'keep-alive',
61 silly get     'x-served-by': 'cache-lhr6333-LHR',
61 silly get     'x-cache': 'MISS',
61 silly get     'x-cache-hits': '0',
61 silly get     'x-timer': 'S1460596731.866794,VS0,VE644',
61 silly get     vary: 'Accept-Encoding' } ]
62 silly fetchPackageMetaData Error: Registry returned 404 for GET on https://registry.npmjs.org/org.apache.camera
62 silly fetchPackageMetaData     at makeError (/usr/local/lib/node_modules/npm/node_modules/npm-registry-client/lib/request.js:264:12)
62 silly fetchPackageMetaData     at CachingRegistryClient.<anonymous> (/usr/local/lib/node_modules/npm/node_modules/npm-registry-client/lib/request.js:242:14)
62 silly fetchPackageMetaData     at Request._callback (/usr/local/lib/node_modules/npm/node_modules/npm-registry-client/lib/request.js:172:14)
62 silly fetchPackageMetaData     at Request.self.callback (/usr/local/lib/node_modules/npm/node_modules/request/request.js:198:22)
62 silly fetchPackageMetaData     at emitTwo (events.js:100:13)
62 silly fetchPackageMetaData     at Request.emit (events.js:185:7)
62 silly fetchPackageMetaData     at Request.<anonymous> (/usr/local/lib/node_modules/npm/node_modules/request/request.js:1035:10)
62 silly fetchPackageMetaData     at emitOne (events.js:95:20)
62 silly fetchPackageMetaData     at Request.emit (events.js:182:7)
62 silly fetchPackageMetaData     at IncomingMessage.<anonymous> (/usr/local/lib/node_modules/npm/node_modules/request/request.js:962:12)
62 silly fetchPackageMetaData  error for org.apache.camera { [Error: Registry returned 404 for GET on https://registry.npmjs.org/org.apache.camera] pkgid: 'org.apache.camera', statusCode: 404, code: 'E404' }
63 http 200 https://registry.npmjs.org/cordova
64 verbose headers { server: 'CouchDB/1.5.0 (Erlang OTP/R16B03)',
64 verbose headers   etag: '"8SQTW8KSL2IP0VKHDRN3IIMAA"',
64 verbose headers   'content-type': 'application/json',
64 verbose headers   'cache-control': 'max-age=300',
64 verbose headers   'content-length': '369532',
64 verbose headers   'accept-ranges': 'bytes',
64 verbose headers   date: 'Thu, 14 Apr 2016 01:18:52 GMT',
64 verbose headers   via: '1.1 varnish',
64 verbose headers   age: '0',
64 verbose headers   connection: 'keep-alive',
64 verbose headers   'x-served-by': 'cache-lhr6320-LHR',
64 verbose headers   'x-cache': 'HIT',
64 verbose headers   'x-cache-hits': '1',
64 verbose headers   'x-timer': 'S1460596731.852594,VS0,VE700',
64 verbose headers   vary: 'Accept-Encoding' }
65 silly get cb [ 200,
65 silly get   { server: 'CouchDB/1.5.0 (Erlang OTP/R16B03)',
65 silly get     etag: '"8SQTW8KSL2IP0VKHDRN3IIMAA"',
65 silly get     'content-type': 'application/json',
65 silly get     'cache-control': 'max-age=300',
65 silly get     'content-length': '369532',
65 silly get     'accept-ranges': 'bytes',
65 silly get     date: 'Thu, 14 Apr 2016 01:18:52 GMT',
65 silly get     via: '1.1 varnish',
65 silly get     age: '0',
65 silly get     connection: 'keep-alive',
65 silly get     'x-served-by': 'cache-lhr6320-LHR',
65 silly get     'x-cache': 'HIT',
65 silly get     'x-cache-hits': '1',
65 silly get     'x-timer': 'S1460596731.852594,VS0,VE700',
65 silly get     vary: 'Accept-Encoding' } ]
66 verbose get saving cordova to /Users/Academy_Intern/.npm/registry.npmjs.org/cordova/.cache.json
67 verbose correctMkdir /Users/Academy_Intern/.npm correctMkdir not in flight; initializing
68 silly rollbackFailedOptional Starting
69 silly rollbackFailedOptional Finishing
70 silly runTopLevelLifecycles Starting
71 silly runTopLevelLifecycles Finishing
72 silly install printInstalled
73 verbose stack Error: Registry returned 404 for GET on https://registry.npmjs.org/org.apache.camera
73 verbose stack     at makeError (/usr/local/lib/node_modules/npm/node_modules/npm-registry-client/lib/request.js:264:12)
73 verbose stack     at CachingRegistryClient.<anonymous> (/usr/local/lib/node_modules/npm/node_modules/npm-registry-client/lib/request.js:242:14)
73 verbose stack     at Request._callback (/usr/local/lib/node_modules/npm/node_modules/npm-registry-client/lib/request.js:172:14)
73 verbose stack     at Request.self.callback (/usr/local/lib/node_modules/npm/node_modules/request/request.js:198:22)
73 verbose stack     at emitTwo (events.js:100:13)
73 verbose stack     at Request.emit (events.js:185:7)
73 verbose stack     at Request.<anonymous> (/usr/local/lib/node_modules/npm/node_modules/request/request.js:1035:10)
73 verbose stack     at emitOne (events.js:95:20)
73 verbose stack     at Request.emit (events.js:182:7)
73 verbose stack     at IncomingMessage.<anonymous> (/usr/local/lib/node_modules/npm/node_modules/request/request.js:962:12)
74 verbose statusCode 404
75 verbose pkgid org.apache.camera
76 verbose cwd /Users/Academy_Intern/coinnect2
77 error Darwin 14.5.0
78 error argv "/usr/local/bin/node" "/usr/local/bin/npm" "install" "-g" "cordova" "plugin" "add" "org.apache.camera"
79 error node v5.6.0
80 error npm  v3.6.0
81 error code E404
82 error 404 Registry returned 404 for GET on https://registry.npmjs.org/org.apache.camera
83 error 404
84 error 404 'org.apache.camera' is not in the npm registry.
85 error 404 You should bug the author to publish it (or use the name yourself!)
86 error 404 Note that you can also install from a
87 error 404 tarball, folder, http url, or git url.
88 verbose exit [ 1, true ]
